<?xml version="1.0" encoding="UTF-8"?>
<!-- Generated by org.testng.reporters.JUnitReportReporter -->
<testsuite hostname="LAPTOP-VASHFMJO" name="TestPackages.Flipcart" tests="1" failures="0" timestamp="24 Apr 2020 13:12:23 GMT" time="29.541" errors="0">
  <testcase name="flipkartNew" time="29.541" classname="TestPackages.Flipcart"/>
</testsuite> <!-- TestPackages.Flipcart -->
